<?xml version="1.0" encoding="UTF-8"?>
<!-- Generated by org.testng.reporters.JUnitReportReporter -->
<testsuite hostname="DESKTOP-BV4PTA4" failures="0" tests="1" name="com.nexttech.testruner.TestNGTestrunner2" time="0.000" errors="0" timestamp="10 May 2021 21:07:56 GMT" skipped="0">
  <testcase classname="com.nexttech.testruner.TestNGTestrunner2" name="feature" time="0.000"/>
</testsuite> <!-- com.nexttech.testruner.TestNGTestrunner2 -->
